[1.284s] Invoking command in '/home/omark/ros2_ws/src/build/my_robot_controller': PYTHONPATH=/home/omark/ros2_ws/src/build/my_robot_controller/prefix_override:/home/omark/ros2_ws/src/install/my_robot_controller/lib/python3.10/site-packages:${PYTHONPATH} /usr/bin/python3 setup.py develop --editable --build-directory /home/omark/ros2_ws/src/build/my_robot_controller/build --no-deps install_data
[1.573s] running develop
[1.752s] running egg_info
[1.752s] creating my_robot_controller.egg-info
[1.752s] writing my_robot_controller.egg-info/PKG-INFO
[1.753s] writing dependency_links to my_robot_controller.egg-info/dependency_links.txt
[1.753s] writing entry points to my_robot_controller.egg-info/entry_points.txt
[1.753s] writing requirements to my_robot_controller.egg-info/requires.txt
[1.753s] writing top-level names to my_robot_controller.egg-info/top_level.txt
[1.753s] writing manifest file 'my_robot_controller.egg-info/SOURCES.txt'
[1.755s] reading manifest file 'my_robot_controller.egg-info/SOURCES.txt'
[1.756s] writing manifest file 'my_robot_controller.egg-info/SOURCES.txt'
[1.757s] running build_ext
[1.758s] Creating /home/omark/ros2_ws/src/install/my_robot_controller/lib/python3.10/site-packages/my-robot-controller.egg-link (link to .)
[1.758s] Installing draw_circle script to /home/omark/ros2_ws/src/install/my_robot_controller/lib/my_robot_controller
[1.758s] Installing test node script to /home/omark/ros2_ws/src/install/my_robot_controller/lib/my_robot_controller
[1.759s] 
[1.759s] Installed /home/omark/ros2_ws/src/build/my_robot_controller
[1.759s] running install_data
[1.759s] creating /home/omark/ros2_ws/src/install/my_robot_controller/share/ament_index
[1.759s] creating /home/omark/ros2_ws/src/install/my_robot_controller/share/ament_index/resource_index
[1.759s] creating /home/omark/ros2_ws/src/install/my_robot_controller/share/ament_index/resource_index/packages
[1.759s] copying resource/my_robot_controller -> /home/omark/ros2_ws/src/install/my_robot_controller/share/ament_index/resource_index/packages
[1.760s] copying package.xml -> /home/omark/ros2_ws/src/install/my_robot_controller/share/my_robot_controller
[1.793s] Invoked command in '/home/omark/ros2_ws/src/build/my_robot_controller' returned '0': PYTHONPATH=/home/omark/ros2_ws/src/build/my_robot_controller/prefix_override:/home/omark/ros2_ws/src/install/my_robot_controller/lib/python3.10/site-packages:${PYTHONPATH} /usr/bin/python3 setup.py develop --editable --build-directory /home/omark/ros2_ws/src/build/my_robot_controller/build --no-deps install_data
