[0.627s] Invoking command in '/home/omark/ros2_ws/src/build/my_robot_controller': PYTHONPATH=/home/omark/ros2_ws/src/build/my_robot_controller/prefix_override:/home/omark/ros2_ws/src/install/my_robot_controller/lib/python3.10/site-packages:${PYTHONPATH} /usr/bin/python3 setup.py develop --uninstall --editable --build-directory /home/omark/ros2_ws/src/build/my_robot_controller/build
[0.880s] running develop
[1.029s] Removing /home/omark/ros2_ws/src/install/my_robot_controller/lib/python3.10/site-packages/my-robot-controller.egg-link (link to .)
[1.052s] Invoked command in '/home/omark/ros2_ws/src/build/my_robot_controller' returned '0': PYTHONPATH=/home/omark/ros2_ws/src/build/my_robot_controller/prefix_override:/home/omark/ros2_ws/src/install/my_robot_controller/lib/python3.10/site-packages:${PYTHONPATH} /usr/bin/python3 setup.py develop --uninstall --editable --build-directory /home/omark/ros2_ws/src/build/my_robot_controller/build
[1.054s] Invoking command in '/home/omark/ros2_ws/src/my_robot_controller': PYTHONPATH=/home/omark/ros2_ws/src/build/my_robot_controller/prefix_override:/home/omark/ros2_ws/src/install/my_robot_controller/lib/python3.10/site-packages:${PYTHONPATH} /usr/bin/python3 setup.py egg_info --egg-base ../build/my_robot_controller build --build-base /home/omark/ros2_ws/src/build/my_robot_controller/build install --record /home/omark/ros2_ws/src/build/my_robot_controller/install.log --single-version-externally-managed
[1.294s] running egg_info
[1.294s] writing ../build/my_robot_controller/my_robot_controller.egg-info/PKG-INFO
[1.295s] writing dependency_links to ../build/my_robot_controller/my_robot_controller.egg-info/dependency_links.txt
[1.295s] writing entry points to ../build/my_robot_controller/my_robot_controller.egg-info/entry_points.txt
[1.295s] writing requirements to ../build/my_robot_controller/my_robot_controller.egg-info/requires.txt
[1.295s] writing top-level names to ../build/my_robot_controller/my_robot_controller.egg-info/top_level.txt
[1.297s] reading manifest file '../build/my_robot_controller/my_robot_controller.egg-info/SOURCES.txt'
[1.298s] writing manifest file '../build/my_robot_controller/my_robot_controller.egg-info/SOURCES.txt'
[1.298s] running build
[1.298s] running build_py
[1.299s] creating /home/omark/ros2_ws/src/build/my_robot_controller/build
[1.299s] creating /home/omark/ros2_ws/src/build/my_robot_controller/build/lib
[1.299s] creating /home/omark/ros2_ws/src/build/my_robot_controller/build/lib/my_robot_controller
[1.299s] copying my_robot_controller/__init__.py -> /home/omark/ros2_ws/src/build/my_robot_controller/build/lib/my_robot_controller
[1.299s] copying my_robot_controller/draw_circle.py -> /home/omark/ros2_ws/src/build/my_robot_controller/build/lib/my_robot_controller
[1.299s] copying my_robot_controller/my_first_node.py -> /home/omark/ros2_ws/src/build/my_robot_controller/build/lib/my_robot_controller
[1.299s] running install
[1.299s] running install_lib
[1.300s] creating /home/omark/ros2_ws/src/install/my_robot_controller/lib/python3.10/site-packages/my_robot_controller
[1.300s] copying /home/omark/ros2_ws/src/build/my_robot_controller/build/lib/my_robot_controller/__init__.py -> /home/omark/ros2_ws/src/install/my_robot_controller/lib/python3.10/site-packages/my_robot_controller
[1.300s] copying /home/omark/ros2_ws/src/build/my_robot_controller/build/lib/my_robot_controller/draw_circle.py -> /home/omark/ros2_ws/src/install/my_robot_controller/lib/python3.10/site-packages/my_robot_controller
[1.300s] copying /home/omark/ros2_ws/src/build/my_robot_controller/build/lib/my_robot_controller/my_first_node.py -> /home/omark/ros2_ws/src/install/my_robot_controller/lib/python3.10/site-packages/my_robot_controller
[1.301s] byte-compiling /home/omark/ros2_ws/src/install/my_robot_controller/lib/python3.10/site-packages/my_robot_controller/__init__.py to __init__.cpython-310.pyc
[1.301s] byte-compiling /home/omark/ros2_ws/src/install/my_robot_controller/lib/python3.10/site-packages/my_robot_controller/draw_circle.py to draw_circle.cpython-310.pyc
[1.301s] byte-compiling /home/omark/ros2_ws/src/install/my_robot_controller/lib/python3.10/site-packages/my_robot_controller/my_first_node.py to my_first_node.cpython-310.pyc
[1.302s] running install_data
[1.302s] copying package.xml -> /home/omark/ros2_ws/src/install/my_robot_controller/share/my_robot_controller
[1.302s] running install_egg_info
[1.304s] Copying ../build/my_robot_controller/my_robot_controller.egg-info to /home/omark/ros2_ws/src/install/my_robot_controller/lib/python3.10/site-packages/my_robot_controller-0.0.0-py3.10.egg-info
[1.305s] running install_scripts
[1.323s] Installing draw_circle script to /home/omark/ros2_ws/src/install/my_robot_controller/lib/my_robot_controller
[1.323s] Installing test_node script to /home/omark/ros2_ws/src/install/my_robot_controller/lib/my_robot_controller
[1.323s] writing list of installed files to '/home/omark/ros2_ws/src/build/my_robot_controller/install.log'
[1.345s] Invoked command in '/home/omark/ros2_ws/src/my_robot_controller' returned '0': PYTHONPATH=/home/omark/ros2_ws/src/build/my_robot_controller/prefix_override:/home/omark/ros2_ws/src/install/my_robot_controller/lib/python3.10/site-packages:${PYTHONPATH} /usr/bin/python3 setup.py egg_info --egg-base ../build/my_robot_controller build --build-base /home/omark/ros2_ws/src/build/my_robot_controller/build install --record /home/omark/ros2_ws/src/build/my_robot_controller/install.log --single-version-externally-managed
